<?xml version="1.0" encoding="UTF-8"?>
<robot generator="Robot 5.0.1 (Python 3.10.7 on win32)" generated="20221010 23:46:35.097" rpa="false" schemaversion="3">
<suite id="s1" name="Amazon Testes Gherkin Bdd" source="C:\CursoUdemy\RobotFramework\WebTesting\amazon_testes_gherkin_bdd.robot">
<test id="s1-t1" name="Caso de Teste 04 - Remover Produto do Carrinho" line="36">
<kw name="Abrir o navegador" library="amazon_resources" type="SETUP">
<kw name="Open Browser" library="SeleniumLibrary">
<arg>browser=chrome</arg>
<doc>Opens a new browser instance to the optional ``url``.</doc>
<msg timestamp="20221010 23:46:35.416" level="INFO">Opening browser 'chrome' to base url 'None'.</msg>
<status status="PASS" starttime="20221010 23:46:35.416" endtime="20221010 23:46:37.988"/>
</kw>
<kw name="Maximize Browser Window" library="SeleniumLibrary">
<doc>Maximizes current browser window.</doc>
<status status="PASS" starttime="20221010 23:46:37.989" endtime="20221010 23:46:38.297"/>
</kw>
<status status="PASS" starttime="20221010 23:46:35.416" endtime="20221010 23:46:38.300"/>
</kw>
<kw name="Dado que estou na home page da Amazon.com.br" library="amazon_resources">
<kw name="Acessar a home page do site Amazon.com.br" library="amazon_resources">
<kw name="Go To" library="SeleniumLibrary">
<arg>url=${URL}</arg>
<doc>Navigates the current browser window to the provided ``url``.</doc>
<msg timestamp="20221010 23:46:38.306" level="INFO">Opening url 'https://www.amazon.com.br'</msg>
<status status="PASS" starttime="20221010 23:46:38.306" endtime="20221010 23:46:40.243"/>
</kw>
<kw name="Wait Until Element Is Visible" library="SeleniumLibrary">
<arg>locator=${MENU_MAIS_VENDIDOS}</arg>
<doc>Waits until the element ``locator`` is visible.</doc>
<status status="PASS" starttime="20221010 23:46:40.244" endtime="20221010 23:46:40.354"/>
</kw>
<status status="PASS" starttime="20221010 23:46:38.305" endtime="20221010 23:46:40.355"/>
</kw>
<kw name="Entrar no menu &quot;Mais Vendidos&quot;" library="amazon_resources">
<kw name="Click Element" library="SeleniumLibrary">
<arg>locator=${MENU_MAIS VENDIDOS}</arg>
<doc>Click the element identified by ``locator``.</doc>
<msg timestamp="20221010 23:46:40.358" level="INFO">Clicking element '//a[@href='/gp/bestsellers/?ref_=nav_cs_bestsellers'][contains(.,'Mais Vendidos')]'.</msg>
<status status="PASS" starttime="20221010 23:46:40.358" endtime="20221010 23:46:41.811"/>
</kw>
<kw name="Wait Until Element Is Visible" library="SeleniumLibrary">
<arg>locator=${MENU_MAIS_VENDIDOS}</arg>
<doc>Waits until the element ``locator`` is visible.</doc>
<status status="PASS" starttime="20221010 23:46:41.812" endtime="20221010 23:46:41.843"/>
</kw>
<status status="PASS" starttime="20221010 23:46:40.357" endtime="20221010 23:46:41.843"/>
</kw>
<status status="PASS" starttime="20221010 23:46:38.305" endtime="20221010 23:46:41.844"/>
</kw>
<kw name="Digitar o nome de produto &quot;Console Xbox Series S&quot; no campo de pesquisa" library="amazon_resources" sourcename="Digitar o nome de produto &quot;${PRODUTO}&quot; no campo de pesquisa">
<kw name="Input Text" library="SeleniumLibrary">
<arg>locator=twotabsearchtextbox</arg>
<arg>text=${PRODUTO}</arg>
<doc>Types the given ``text`` into the text field identified by ``locator``.</doc>
<msg timestamp="20221010 23:46:41.845" level="INFO">Typing text 'Console Xbox Series S' into text field 'twotabsearchtextbox'.</msg>
<status status="PASS" starttime="20221010 23:46:41.845" endtime="20221010 23:46:42.106"/>
</kw>
<status status="PASS" starttime="20221010 23:46:41.844" endtime="20221010 23:46:42.106"/>
</kw>
<kw name="Clicar no botão de pesquisa" library="amazon_resources">
<kw name="Click Element" library="SeleniumLibrary">
<arg>locator=nav-search-submit-button</arg>
<doc>Click the element identified by ``locator``.</doc>
<msg timestamp="20221010 23:46:42.109" level="INFO">Clicking element 'nav-search-submit-button'.</msg>
<status status="PASS" starttime="20221010 23:46:42.109" endtime="20221010 23:46:43.521"/>
</kw>
<status status="PASS" starttime="20221010 23:46:42.107" endtime="20221010 23:46:43.521"/>
</kw>
<kw name="Verificar o resultado da pesquisa se está listando o produto &quot;Console Xbox Series S&quot;" library="amazon_resources">
<kw name="Click Element" library="SeleniumLibrary">
<arg>locator=(//a[contains(.,'Console Xbox Series S')])[1]</arg>
<doc>Click the element identified by ``locator``.</doc>
<msg timestamp="20221010 23:46:43.523" level="INFO">Clicking element '(//a[contains(.,'Console Xbox Series S')])[1]'.</msg>
<status status="PASS" starttime="20221010 23:46:43.522" endtime="20221010 23:46:43.589"/>
</kw>
<status status="PASS" starttime="20221010 23:46:43.522" endtime="20221010 23:46:43.589"/>
</kw>
<kw name="Fechar o navegador" library="amazon_resources" type="TEARDOWN">
<kw name="Capture Page Screenshot" library="SeleniumLibrary">
<doc>Takes a screenshot of the current page and embeds it into a log file.</doc>
<msg timestamp="20221010 23:46:43.794" level="INFO" html="true">&lt;/td&gt;&lt;/tr&gt;&lt;tr&gt;&lt;td colspan="3"&gt;&lt;a href="selenium-screenshot-100.png"&gt;&lt;img src="selenium-screenshot-100.png" width="800px"&gt;&lt;/a&gt;</msg>
<status status="PASS" starttime="20221010 23:46:43.591" endtime="20221010 23:46:43.794"/>
</kw>
<kw name="Close Browser" library="SeleniumLibrary">
<doc>Closes the current browser.</doc>
<status status="PASS" starttime="20221010 23:46:43.794" endtime="20221010 23:46:46.031"/>
</kw>
<status status="PASS" starttime="20221010 23:46:43.590" endtime="20221010 23:46:46.031"/>
</kw>
<doc>Esse teste verifica a remoção de um produto no carrinho de compras</doc>
<tag>remover_carrinho</tag>
<status status="PASS" starttime="20221010 23:46:35.416" endtime="20221010 23:46:46.031"/>
</test>
<doc>Essa suite testa o site da Amazon.com.br</doc>
<status status="PASS" starttime="20221010 23:46:35.100" endtime="20221010 23:46:46.031"/>
</suite>
<statistics>
<total>
<stat pass="1" fail="0" skip="0">All Tests</stat>
</total>
<tag>
<stat pass="1" fail="0" skip="0">remover_carrinho</stat>
</tag>
<suite>
<stat pass="1" fail="0" skip="0" id="s1" name="Amazon Testes Gherkin Bdd">Amazon Testes Gherkin Bdd</stat>
</suite>
</statistics>
<errors>
</errors>
</robot>
